<?xml version="1.0" encoding="UTF-8"?>
<testsuite xmlns:xsi="http://www.w3.org/2001/XMLSchema-instance" xsi:noNamespaceSchemaLocation="https://maven.apache.org/surefire/maven-surefire-plugin/xsd/surefire-test-report-3.0.xsd" version="3.0" name="TestSuite" time="38.557" tests="89" errors="0" skipped="0" failures="2">
  <properties>
    <property name="sun.desktop" value="windows"/>
    <property name="awt.toolkit" value="sun.awt.windows.WToolkit"/>
    <property name="file.encoding.pkg" value="sun.io"/>
    <property name="java.specification.version" value="1.8"/>
    <property name="sun.cpu.isalist" value="amd64"/>
    <property name="sun.jnu.encoding" value="Cp1252"/>
    <property name="java.class.path" value="C:\Users\Felipe\Documents\GTD\IntegrationTest\target\test-classes;C:\Users\Felipe\Documents\GTD\IntegrationTest\target\classes;C:\Users\Felipe\.m2\repository\org\easetech\easytest-core\1.4.0\easytest-core-1.4.0.jar;C:\Users\Felipe\.m2\repository\junit\junit\4.12\junit-4.12.jar;C:\Users\Felipe\.m2\repository\org\hamcrest\hamcrest-core\1.3\hamcrest-core-1.3.jar;C:\Users\Felipe\.m2\repository\org\slf4j\slf4j-api\1.6.1\slf4j-api-1.6.1.jar;C:\Users\Felipe\.m2\repository\log4j\log4j\1.2.15\log4j-1.2.15.jar;C:\Users\Felipe\.m2\repository\org\slf4j\slf4j-log4j12\1.6.1\slf4j-log4j12-1.6.1.jar;C:\Users\Felipe\.m2\repository\org\slf4j\jcl-over-slf4j\1.6.1\jcl-over-slf4j-1.6.1.jar;C:\Users\Felipe\.m2\repository\net\sourceforge\javacsv\javacsv\2.0\javacsv-2.0.jar;C:\Users\Felipe\.m2\repository\javax\xml\jsr173\1.0\jsr173-1.0.jar;C:\Users\Felipe\.m2\repository\com\sun\xml\bind\jaxb-xjc\2.2.6\jaxb-xjc-2.2.6.jar;C:\Users\Felipe\.m2\repository\javaee\javaee-api\5\javaee-api-5.jar;C:\Users\Felipe\.m2\repository\org\apache\poi\poi\3.8\poi-3.8.jar;C:\Users\Felipe\.m2\repository\commons-codec\commons-codec\1.5\commons-codec-1.5.jar;C:\Users\Felipe\.m2\repository\org\apache\poi\poi-examples\3.8\poi-examples-3.8.jar;C:\Users\Felipe\.m2\repository\org\apache\poi\poi-scratchpad\3.8\poi-scratchpad-3.8.jar;C:\Users\Felipe\.m2\repository\org\apache\poi\poi-ooxml\3.8\poi-ooxml-3.8.jar;C:\Users\Felipe\.m2\repository\org\apache\poi\poi-ooxml-schemas\3.8\poi-ooxml-schemas-3.8.jar;C:\Users\Felipe\.m2\repository\org\apache\xmlbeans\xmlbeans\2.3.0\xmlbeans-2.3.0.jar;C:\Users\Felipe\.m2\repository\stax\stax-api\1.0.1\stax-api-1.0.1.jar;C:\Users\Felipe\.m2\repository\dom4j\dom4j\1.6.1\dom4j-1.6.1.jar;C:\Users\Felipe\.m2\repository\org\jvnet\jaxb2_commons\jaxb2-basics-runtime\0.6.2\jaxb2-basics-runtime-0.6.2.jar;C:\Users\Felipe\.m2\repository\cglib\cglib\2.2.2\cglib-2.2.2.jar;C:\Users\Felipe\.m2\repository\asm\asm\3.3.1\asm-3.3.1.jar;C:\Users\Felipe\.m2\repository\commons-lang\commons-lang\2.6\commons-lang-2.6.jar;C:\Users\Felipe\.m2\repository\jfree\jfreechart\1.0.13\jfreechart-1.0.13.jar;C:\Users\Felipe\.m2\repository\jfree\jcommon\1.0.16\jcommon-1.0.16.jar;C:\Users\Felipe\.m2\repository\net\sf\jasperreports\jasperreports-fonts\4.0.0\jasperreports-fonts-4.0.0.jar;C:\Users\Felipe\.m2\repository\com\sun\xml\bind\jaxb-impl\2.2.6\jaxb-impl-2.2.6.jar;C:\Users\Felipe\.m2\repository\javax\inject\javax.inject\1\javax.inject-1.jar;C:\Users\Felipe\.m2\repository\org\codehaus\jackson\jackson-mapper-lgpl\1.9.11\jackson-mapper-lgpl-1.9.11.jar;C:\Users\Felipe\.m2\repository\org\codehaus\jackson\jackson-core-lgpl\1.9.11\jackson-core-lgpl-1.9.11.jar;C:\Users\Felipe\.m2\repository\net\sf\jasperreports\jasperreports\4.5.1\jasperreports-4.5.1.jar;C:\Users\Felipe\.m2\repository\commons-beanutils\commons-beanutils\1.8.0\commons-beanutils-1.8.0.jar;C:\Users\Felipe\.m2\repository\commons-collections\commons-collections\2.1\commons-collections-2.1.jar;C:\Users\Felipe\.m2\repository\commons-digester\commons-digester\2.1\commons-digester-2.1.jar;C:\Users\Felipe\.m2\repository\com\lowagie\itext\2.1.7\itext-2.1.7.jar;C:\Users\Felipe\.m2\repository\bouncycastle\bcmail-jdk14\138\bcmail-jdk14-138.jar;C:\Users\Felipe\.m2\repository\bouncycastle\bcprov-jdk14\138\bcprov-jdk14-138.jar;C:\Users\Felipe\.m2\repository\org\bouncycastle\bctsp-jdk14\1.38\bctsp-jdk14-1.38.jar;C:\Users\Felipe\.m2\repository\org\bouncycastle\bcprov-jdk14\1.38\bcprov-jdk14-1.38.jar;C:\Users\Felipe\.m2\repository\org\bouncycastle\bcmail-jdk14\1.38\bcmail-jdk14-1.38.jar;C:\Users\Felipe\.m2\repository\xml-apis\xml-apis\1.3.02\xml-apis-1.3.02.jar;C:\Users\Felipe\.m2\repository\eclipse\jdtcore\3.1.0\jdtcore-3.1.0.jar;C:\Users\Felipe\.m2\repository\org\codehaus\castor\castor\1.2\castor-1.2.jar;C:\Users\Felipe\.m2\repository\io\cucumber\cucumber-java\6.6.1\cucumber-java-6.6.1.jar;C:\Users\Felipe\.m2\repository\io\cucumber\cucumber-core\6.6.1\cucumber-core-6.6.1.jar;C:\Users\Felipe\.m2\repository\io\cucumber\cucumber-gherkin\6.6.1\cucumber-gherkin-6.6.1.jar;C:\Users\Felipe\.m2\repository\io\cucumber\cucumber-gherkin-messages\6.6.1\cucumber-gherkin-messages-6.6.1.jar;C:\Users\Felipe\.m2\repository\io\cucumber\messages\13.0.1\messages-13.0.1.jar;C:\Users\Felipe\.m2\repository\io\cucumber\tag-expressions\3.0.0\tag-expressions-3.0.0.jar;C:\Users\Felipe\.m2\repository\io\cucumber\cucumber-expressions\10.3.0\cucumber-expressions-10.3.0.jar;C:\Users\Felipe\.m2\repository\io\cucumber\datatable\3.4.0\datatable-3.4.0.jar;C:\Users\Felipe\.m2\repository\io\cucumber\cucumber-plugin\6.6.1\cucumber-plugin-6.6.1.jar;C:\Users\Felipe\.m2\repository\io\cucumber\docstring\6.6.1\docstring-6.6.1.jar;C:\Users\Felipe\.m2\repository\io\cucumber\html-formatter\9.0.0\html-formatter-9.0.0.jar;C:\Users\Felipe\.m2\repository\io\cucumber\create-meta\2.0.2\create-meta-2.0.2.jar;C:\Users\Felipe\.m2\repository\org\apiguardian\apiguardian-api\1.1.0\apiguardian-api-1.1.0.jar;C:\Users\Felipe\.m2\repository\io\qameta\allure\allure-rest-assured\2.14.0\allure-rest-assured-2.14.0.jar;C:\Users\Felipe\.m2\repository\io\qameta\allure\allure-attachments\2.14.0\allure-attachments-2.14.0.jar;C:\Users\Felipe\.m2\repository\org\freemarker\freemarker\2.3.31\freemarker-2.3.31.jar;C:\Users\Felipe\.m2\repository\io\qameta\allure\allure-testng\2.14.0\allure-testng-2.14.0.jar;C:\Users\Felipe\.m2\repository\io\qameta\allure\allure-java-commons\2.14.0\allure-java-commons-2.14.0.jar;C:\Users\Felipe\.m2\repository\io\qameta\allure\allure-model\2.14.0\allure-model-2.14.0.jar;C:\Users\Felipe\.m2\repository\com\fasterxml\jackson\core\jackson-databind\2.12.3\jackson-databind-2.12.3.jar;C:\Users\Felipe\.m2\repository\com\fasterxml\jackson\core\jackson-annotations\2.12.3\jackson-annotations-2.12.3.jar;C:\Users\Felipe\.m2\repository\com\fasterxml\jackson\core\jackson-core\2.12.3\jackson-core-2.12.3.jar;C:\Users\Felipe\.m2\repository\org\apache\tika\tika-core\1.26\tika-core-1.26.jar;C:\Users\Felipe\.m2\repository\org\jooq\joor-java-8\0.9.14\joor-java-8-0.9.14.jar;C:\Users\Felipe\.m2\repository\io\qameta\allure\allure-test-filter\2.14.0\allure-test-filter-2.14.0.jar;C:\Users\Felipe\.m2\repository\commons-io\commons-io\2.6\commons-io-2.6.jar;C:\Users\Felipe\.m2\repository\com\beust\jcommander\1.27\jcommander-1.27.jar;C:\Users\Felipe\.m2\repository\io\rest-assured\rest-assured\4.1.2\rest-assured-4.1.2.jar;C:\Users\Felipe\.m2\repository\org\codehaus\groovy\groovy\2.5.8\groovy-2.5.8.jar;C:\Users\Felipe\.m2\repository\org\codehaus\groovy\groovy-xml\2.5.8\groovy-xml-2.5.8.jar;C:\Users\Felipe\.m2\repository\org\apache\httpcomponents\httpclient\4.5.3\httpclient-4.5.3.jar;C:\Users\Felipe\.m2\repository\org\apache\httpcomponents\httpcore\4.4.6\httpcore-4.4.6.jar;C:\Users\Felipe\.m2\repository\commons-logging\commons-logging\1.2\commons-logging-1.2.jar;C:\Users\Felipe\.m2\repository\org\apache\httpcomponents\httpmime\4.5.3\httpmime-4.5.3.jar;C:\Users\Felipe\.m2\repository\org\hamcrest\hamcrest\2.1\hamcrest-2.1.jar;C:\Users\Felipe\.m2\repository\org\ccil\cowan\tagsoup\tagsoup\1.2.1\tagsoup-1.2.1.jar;C:\Users\Felipe\.m2\repository\io\rest-assured\json-path\4.1.2\json-path-4.1.2.jar;C:\Users\Felipe\.m2\repository\org\codehaus\groovy\groovy-json\2.5.8\groovy-json-2.5.8.jar;C:\Users\Felipe\.m2\repository\io\rest-assured\rest-assured-common\4.1.2\rest-assured-common-4.1.2.jar;C:\Users\Felipe\.m2\repository\io\rest-assured\xml-path\4.1.2\xml-path-4.1.2.jar;C:\Users\Felipe\.m2\repository\org\apache\commons\commons-lang3\3.4\commons-lang3-3.4.jar;C:\Users\Felipe\.m2\repository\javax\xml\bind\jaxb-api\2.3.1\jaxb-api-2.3.1.jar;C:\Users\Felipe\.m2\repository\org\apache\sling\org.apache.sling.javax.activation\0.1.0\org.apache.sling.javax.activation-0.1.0.jar;C:\Users\Felipe\.m2\repository\io\rest-assured\json-schema-validator\4.1.2\json-schema-validator-4.1.2.jar;C:\Users\Felipe\.m2\repository\com\github\java-json-tools\json-schema-validator\2.2.10\json-schema-validator-2.2.10.jar;C:\Users\Felipe\.m2\repository\com\github\java-json-tools\json-schema-core\1.2.10\json-schema-core-1.2.10.jar;C:\Users\Felipe\.m2\repository\com\github\java-json-tools\jackson-coreutils\1.9\jackson-coreutils-1.9.jar;C:\Users\Felipe\.m2\repository\com\google\guava\guava\16.0.1\guava-16.0.1.jar;C:\Users\Felipe\.m2\repository\com\github\fge\msg-simple\1.1\msg-simple-1.1.jar;C:\Users\Felipe\.m2\repository\com\github\fge\btf\1.2\btf-1.2.jar;C:\Users\Felipe\.m2\repository\com\github\fge\uri-template\0.9\uri-template-0.9.jar;C:\Users\Felipe\.m2\repository\org\mozilla\rhino\1.7.7.1\rhino-1.7.7.1.jar;C:\Users\Felipe\.m2\repository\javax\mail\mailapi\1.4.3\mailapi-1.4.3.jar;C:\Users\Felipe\.m2\repository\joda-time\joda-time\2.9.7\joda-time-2.9.7.jar;C:\Users\Felipe\.m2\repository\com\googlecode\libphonenumber\libphonenumber\8.0.0\libphonenumber-8.0.0.jar;C:\Users\Felipe\.m2\repository\com\google\code\findbugs\jsr305\3.0.1\jsr305-3.0.1.jar;C:\Users\Felipe\.m2\repository\net\sf\jopt-simple\jopt-simple\5.0.3\jopt-simple-5.0.3.jar;C:\Users\Felipe\.m2\repository\io\rest-assured\spring-mock-mvc\4.1.2\spring-mock-mvc-4.1.2.jar;C:\Users\Felipe\.m2\repository\io\rest-assured\spring-commons\4.1.2\spring-commons-4.1.2.jar;C:\Users\Felipe\.m2\repository\org\springframework\spring-test\4.3.23.RELEASE\spring-test-4.3.23.RELEASE.jar;C:\Users\Felipe\.m2\repository\org\springframework\spring-core\4.3.23.RELEASE\spring-core-4.3.23.RELEASE.jar;C:\Users\Felipe\.m2\repository\org\springframework\spring-webmvc\4.3.23.RELEASE\spring-webmvc-4.3.23.RELEASE.jar;C:\Users\Felipe\.m2\repository\org\springframework\spring-aop\4.3.23.RELEASE\spring-aop-4.3.23.RELEASE.jar;C:\Users\Felipe\.m2\repository\org\springframework\spring-beans\4.3.23.RELEASE\spring-beans-4.3.23.RELEASE.jar;C:\Users\Felipe\.m2\repository\org\springframework\spring-expression\4.3.23.RELEASE\spring-expression-4.3.23.RELEASE.jar;C:\Users\Felipe\.m2\repository\org\springframework\spring-web\4.3.23.RELEASE\spring-web-4.3.23.RELEASE.jar;C:\Users\Felipe\.m2\repository\io\rest-assured\spring-web-test-client\4.1.2\spring-web-test-client-4.1.2.jar;C:\Users\Felipe\.m2\repository\org\springframework\spring-context\5.1.0.RELEASE\spring-context-5.1.0.RELEASE.jar;C:\Users\Felipe\.m2\repository\org\springframework\spring-webflux\5.1.0.RELEASE\spring-webflux-5.1.0.RELEASE.jar;C:\Users\Felipe\.m2\repository\io\projectreactor\reactor-core\3.2.0.RELEASE\reactor-core-3.2.0.RELEASE.jar;C:\Users\Felipe\.m2\repository\org\reactivestreams\reactive-streams\1.0.2\reactive-streams-1.0.2.jar;C:\Users\Felipe\.m2\repository\io\rest-assured\scala-support\4.1.2\scala-support-4.1.2.jar;C:\Users\Felipe\.m2\repository\org\scala-lang\scala-library\2.13.0\scala-library-2.13.0.jar;C:\Users\Felipe\.m2\repository\io\rest-assured\rest-assured-all\4.1.2\rest-assured-all-4.1.2.jar;C:\Users\Felipe\.m2\repository\javax\activation\javax.activation-api\1.2.0\javax.activation-api-1.2.0.jar;C:\Users\Felipe\.m2\repository\javax\activation\activation\1.1.1\activation-1.1.1.jar;C:\Users\Felipe\.m2\repository\com\github\javafaker\javafaker\1.0.1\javafaker-1.0.1.jar;C:\Users\Felipe\.m2\repository\org\yaml\snakeyaml\1.23\snakeyaml-1.23-android.jar;C:\Users\Felipe\.m2\repository\com\github\mifmif\generex\1.0.2\generex-1.0.2.jar;C:\Users\Felipe\.m2\repository\dk\brics\automaton\automaton\1.11-8\automaton-1.11-8.jar;C:\Users\Felipe\.m2\repository\org\testng\testng\7.0.0\testng-7.0.0.jar;C:\Users\Felipe\.m2\repository\com\sun\xml\bind\jaxb-osgi\2.3.0.1\jaxb-osgi-2.3.0.1.jar;"/>
    <property name="java.vm.vendor" value="Oracle Corporation"/>
    <property name="sun.arch.data.model" value="64"/>
    <property name="user.variant" value=""/>
    <property name="java.vendor.url" value="http://java.oracle.com/"/>
    <property name="user.timezone" value="America/Sao_Paulo"/>
    <property name="user.country.format" value="BR"/>
    <property name="java.vm.specification.version" value="1.8"/>
    <property name="os.name" value="Windows 10"/>
    <property name="user.country" value="US"/>
    <property name="sun.java.launcher" value="SUN_STANDARD"/>
    <property name="sun.boot.library.path" value="C:\Program Files\Java\jdk1.8.0_181\jre\bin"/>
    <property name="sun.java.command" value="C:\Users\Felipe\AppData\Local\Temp\surefire8577930668686814761\surefirebooter6689287251800967184.jar C:\Users\Felipe\AppData\Local\Temp\surefire8577930668686814761 2021-12-01T13-12-10_541-jvmRun1 surefire3772279200528400889tmp surefire_08719698344909110347tmp"/>
    <property name="surefire.test.class.path" value="C:\Users\Felipe\Documents\GTD\IntegrationTest\target\test-classes;C:\Users\Felipe\Documents\GTD\IntegrationTest\target\classes;C:\Users\Felipe\.m2\repository\org\easetech\easytest-core\1.4.0\easytest-core-1.4.0.jar;C:\Users\Felipe\.m2\repository\junit\junit\4.12\junit-4.12.jar;C:\Users\Felipe\.m2\repository\org\hamcrest\hamcrest-core\1.3\hamcrest-core-1.3.jar;C:\Users\Felipe\.m2\repository\org\slf4j\slf4j-api\1.6.1\slf4j-api-1.6.1.jar;C:\Users\Felipe\.m2\repository\log4j\log4j\1.2.15\log4j-1.2.15.jar;C:\Users\Felipe\.m2\repository\org\slf4j\slf4j-log4j12\1.6.1\slf4j-log4j12-1.6.1.jar;C:\Users\Felipe\.m2\repository\org\slf4j\jcl-over-slf4j\1.6.1\jcl-over-slf4j-1.6.1.jar;C:\Users\Felipe\.m2\repository\net\sourceforge\javacsv\javacsv\2.0\javacsv-2.0.jar;C:\Users\Felipe\.m2\repository\javax\xml\jsr173\1.0\jsr173-1.0.jar;C:\Users\Felipe\.m2\repository\com\sun\xml\bind\jaxb-xjc\2.2.6\jaxb-xjc-2.2.6.jar;C:\Users\Felipe\.m2\repository\javaee\javaee-api\5\javaee-api-5.jar;C:\Users\Felipe\.m2\repository\org\apache\poi\poi\3.8\poi-3.8.jar;C:\Users\Felipe\.m2\repository\commons-codec\commons-codec\1.5\commons-codec-1.5.jar;C:\Users\Felipe\.m2\repository\org\apache\poi\poi-examples\3.8\poi-examples-3.8.jar;C:\Users\Felipe\.m2\repository\org\apache\poi\poi-scratchpad\3.8\poi-scratchpad-3.8.jar;C:\Users\Felipe\.m2\repository\org\apache\poi\poi-ooxml\3.8\poi-ooxml-3.8.jar;C:\Users\Felipe\.m2\repository\org\apache\poi\poi-ooxml-schemas\3.8\poi-ooxml-schemas-3.8.jar;C:\Users\Felipe\.m2\repository\org\apache\xmlbeans\xmlbeans\2.3.0\xmlbeans-2.3.0.jar;C:\Users\Felipe\.m2\repository\stax\stax-api\1.0.1\stax-api-1.0.1.jar;C:\Users\Felipe\.m2\repository\dom4j\dom4j\1.6.1\dom4j-1.6.1.jar;C:\Users\Felipe\.m2\repository\org\jvnet\jaxb2_commons\jaxb2-basics-runtime\0.6.2\jaxb2-basics-runtime-0.6.2.jar;C:\Users\Felipe\.m2\repository\cglib\cglib\2.2.2\cglib-2.2.2.jar;C:\Users\Felipe\.m2\repository\asm\asm\3.3.1\asm-3.3.1.jar;C:\Users\Felipe\.m2\repository\commons-lang\commons-lang\2.6\commons-lang-2.6.jar;C:\Users\Felipe\.m2\repository\jfree\jfreechart\1.0.13\jfreechart-1.0.13.jar;C:\Users\Felipe\.m2\repository\jfree\jcommon\1.0.16\jcommon-1.0.16.jar;C:\Users\Felipe\.m2\repository\net\sf\jasperreports\jasperreports-fonts\4.0.0\jasperreports-fonts-4.0.0.jar;C:\Users\Felipe\.m2\repository\com\sun\xml\bind\jaxb-impl\2.2.6\jaxb-impl-2.2.6.jar;C:\Users\Felipe\.m2\repository\javax\inject\javax.inject\1\javax.inject-1.jar;C:\Users\Felipe\.m2\repository\org\codehaus\jackson\jackson-mapper-lgpl\1.9.11\jackson-mapper-lgpl-1.9.11.jar;C:\Users\Felipe\.m2\repository\org\codehaus\jackson\jackson-core-lgpl\1.9.11\jackson-core-lgpl-1.9.11.jar;C:\Users\Felipe\.m2\repository\net\sf\jasperreports\jasperreports\4.5.1\jasperreports-4.5.1.jar;C:\Users\Felipe\.m2\repository\commons-beanutils\commons-beanutils\1.8.0\commons-beanutils-1.8.0.jar;C:\Users\Felipe\.m2\repository\commons-collections\commons-collections\2.1\commons-collections-2.1.jar;C:\Users\Felipe\.m2\repository\commons-digester\commons-digester\2.1\commons-digester-2.1.jar;C:\Users\Felipe\.m2\repository\com\lowagie\itext\2.1.7\itext-2.1.7.jar;C:\Users\Felipe\.m2\repository\bouncycastle\bcmail-jdk14\138\bcmail-jdk14-138.jar;C:\Users\Felipe\.m2\repository\bouncycastle\bcprov-jdk14\138\bcprov-jdk14-138.jar;C:\Users\Felipe\.m2\repository\org\bouncycastle\bctsp-jdk14\1.38\bctsp-jdk14-1.38.jar;C:\Users\Felipe\.m2\repository\org\bouncycastle\bcprov-jdk14\1.38\bcprov-jdk14-1.38.jar;C:\Users\Felipe\.m2\repository\org\bouncycastle\bcmail-jdk14\1.38\bcmail-jdk14-1.38.jar;C:\Users\Felipe\.m2\repository\xml-apis\xml-apis\1.3.02\xml-apis-1.3.02.jar;C:\Users\Felipe\.m2\repository\eclipse\jdtcore\3.1.0\jdtcore-3.1.0.jar;C:\Users\Felipe\.m2\repository\org\codehaus\castor\castor\1.2\castor-1.2.jar;C:\Users\Felipe\.m2\repository\io\cucumber\cucumber-java\6.6.1\cucumber-java-6.6.1.jar;C:\Users\Felipe\.m2\repository\io\cucumber\cucumber-core\6.6.1\cucumber-core-6.6.1.jar;C:\Users\Felipe\.m2\repository\io\cucumber\cucumber-gherkin\6.6.1\cucumber-gherkin-6.6.1.jar;C:\Users\Felipe\.m2\repository\io\cucumber\cucumber-gherkin-messages\6.6.1\cucumber-gherkin-messages-6.6.1.jar;C:\Users\Felipe\.m2\repository\io\cucumber\messages\13.0.1\messages-13.0.1.jar;C:\Users\Felipe\.m2\repository\io\cucumber\tag-expressions\3.0.0\tag-expressions-3.0.0.jar;C:\Users\Felipe\.m2\repository\io\cucumber\cucumber-expressions\10.3.0\cucumber-expressions-10.3.0.jar;C:\Users\Felipe\.m2\repository\io\cucumber\datatable\3.4.0\datatable-3.4.0.jar;C:\Users\Felipe\.m2\repository\io\cucumber\cucumber-plugin\6.6.1\cucumber-plugin-6.6.1.jar;C:\Users\Felipe\.m2\repository\io\cucumber\docstring\6.6.1\docstring-6.6.1.jar;C:\Users\Felipe\.m2\repository\io\cucumber\html-formatter\9.0.0\html-formatter-9.0.0.jar;C:\Users\Felipe\.m2\repository\io\cucumber\create-meta\2.0.2\create-meta-2.0.2.jar;C:\Users\Felipe\.m2\repository\org\apiguardian\apiguardian-api\1.1.0\apiguardian-api-1.1.0.jar;C:\Users\Felipe\.m2\repository\io\qameta\allure\allure-rest-assured\2.14.0\allure-rest-assured-2.14.0.jar;C:\Users\Felipe\.m2\repository\io\qameta\allure\allure-attachments\2.14.0\allure-attachments-2.14.0.jar;C:\Users\Felipe\.m2\repository\org\freemarker\freemarker\2.3.31\freemarker-2.3.31.jar;C:\Users\Felipe\.m2\repository\io\qameta\allure\allure-testng\2.14.0\allure-testng-2.14.0.jar;C:\Users\Felipe\.m2\repository\io\qameta\allure\allure-java-commons\2.14.0\allure-java-commons-2.14.0.jar;C:\Users\Felipe\.m2\repository\io\qameta\allure\allure-model\2.14.0\allure-model-2.14.0.jar;C:\Users\Felipe\.m2\repository\com\fasterxml\jackson\core\jackson-databind\2.12.3\jackson-databind-2.12.3.jar;C:\Users\Felipe\.m2\repository\com\fasterxml\jackson\core\jackson-annotations\2.12.3\jackson-annotations-2.12.3.jar;C:\Users\Felipe\.m2\repository\com\fasterxml\jackson\core\jackson-core\2.12.3\jackson-core-2.12.3.jar;C:\Users\Felipe\.m2\repository\org\apache\tika\tika-core\1.26\tika-core-1.26.jar;C:\Users\Felipe\.m2\repository\org\jooq\joor-java-8\0.9.14\joor-java-8-0.9.14.jar;C:\Users\Felipe\.m2\repository\io\qameta\allure\allure-test-filter\2.14.0\allure-test-filter-2.14.0.jar;C:\Users\Felipe\.m2\repository\commons-io\commons-io\2.6\commons-io-2.6.jar;C:\Users\Felipe\.m2\repository\com\beust\jcommander\1.27\jcommander-1.27.jar;C:\Users\Felipe\.m2\repository\io\rest-assured\rest-assured\4.1.2\rest-assured-4.1.2.jar;C:\Users\Felipe\.m2\repository\org\codehaus\groovy\groovy\2.5.8\groovy-2.5.8.jar;C:\Users\Felipe\.m2\repository\org\codehaus\groovy\groovy-xml\2.5.8\groovy-xml-2.5.8.jar;C:\Users\Felipe\.m2\repository\org\apache\httpcomponents\httpclient\4.5.3\httpclient-4.5.3.jar;C:\Users\Felipe\.m2\repository\org\apache\httpcomponents\httpcore\4.4.6\httpcore-4.4.6.jar;C:\Users\Felipe\.m2\repository\commons-logging\commons-logging\1.2\commons-logging-1.2.jar;C:\Users\Felipe\.m2\repository\org\apache\httpcomponents\httpmime\4.5.3\httpmime-4.5.3.jar;C:\Users\Felipe\.m2\repository\org\hamcrest\hamcrest\2.1\hamcrest-2.1.jar;C:\Users\Felipe\.m2\repository\org\ccil\cowan\tagsoup\tagsoup\1.2.1\tagsoup-1.2.1.jar;C:\Users\Felipe\.m2\repository\io\rest-assured\json-path\4.1.2\json-path-4.1.2.jar;C:\Users\Felipe\.m2\repository\org\codehaus\groovy\groovy-json\2.5.8\groovy-json-2.5.8.jar;C:\Users\Felipe\.m2\repository\io\rest-assured\rest-assured-common\4.1.2\rest-assured-common-4.1.2.jar;C:\Users\Felipe\.m2\repository\io\rest-assured\xml-path\4.1.2\xml-path-4.1.2.jar;C:\Users\Felipe\.m2\repository\org\apache\commons\commons-lang3\3.4\commons-lang3-3.4.jar;C:\Users\Felipe\.m2\repository\javax\xml\bind\jaxb-api\2.3.1\jaxb-api-2.3.1.jar;C:\Users\Felipe\.m2\repository\org\apache\sling\org.apache.sling.javax.activation\0.1.0\org.apache.sling.javax.activation-0.1.0.jar;C:\Users\Felipe\.m2\repository\io\rest-assured\json-schema-validator\4.1.2\json-schema-validator-4.1.2.jar;C:\Users\Felipe\.m2\repository\com\github\java-json-tools\json-schema-validator\2.2.10\json-schema-validator-2.2.10.jar;C:\Users\Felipe\.m2\repository\com\github\java-json-tools\json-schema-core\1.2.10\json-schema-core-1.2.10.jar;C:\Users\Felipe\.m2\repository\com\github\java-json-tools\jackson-coreutils\1.9\jackson-coreutils-1.9.jar;C:\Users\Felipe\.m2\repository\com\google\guava\guava\16.0.1\guava-16.0.1.jar;C:\Users\Felipe\.m2\repository\com\github\fge\msg-simple\1.1\msg-simple-1.1.jar;C:\Users\Felipe\.m2\repository\com\github\fge\btf\1.2\btf-1.2.jar;C:\Users\Felipe\.m2\repository\com\github\fge\uri-template\0.9\uri-template-0.9.jar;C:\Users\Felipe\.m2\repository\org\mozilla\rhino\1.7.7.1\rhino-1.7.7.1.jar;C:\Users\Felipe\.m2\repository\javax\mail\mailapi\1.4.3\mailapi-1.4.3.jar;C:\Users\Felipe\.m2\repository\joda-time\joda-time\2.9.7\joda-time-2.9.7.jar;C:\Users\Felipe\.m2\repository\com\googlecode\libphonenumber\libphonenumber\8.0.0\libphonenumber-8.0.0.jar;C:\Users\Felipe\.m2\repository\com\google\code\findbugs\jsr305\3.0.1\jsr305-3.0.1.jar;C:\Users\Felipe\.m2\repository\net\sf\jopt-simple\jopt-simple\5.0.3\jopt-simple-5.0.3.jar;C:\Users\Felipe\.m2\repository\io\rest-assured\spring-mock-mvc\4.1.2\spring-mock-mvc-4.1.2.jar;C:\Users\Felipe\.m2\repository\io\rest-assured\spring-commons\4.1.2\spring-commons-4.1.2.jar;C:\Users\Felipe\.m2\repository\org\springframework\spring-test\4.3.23.RELEASE\spring-test-4.3.23.RELEASE.jar;C:\Users\Felipe\.m2\repository\org\springframework\spring-core\4.3.23.RELEASE\spring-core-4.3.23.RELEASE.jar;C:\Users\Felipe\.m2\repository\org\springframework\spring-webmvc\4.3.23.RELEASE\spring-webmvc-4.3.23.RELEASE.jar;C:\Users\Felipe\.m2\repository\org\springframework\spring-aop\4.3.23.RELEASE\spring-aop-4.3.23.RELEASE.jar;C:\Users\Felipe\.m2\repository\org\springframework\spring-beans\4.3.23.RELEASE\spring-beans-4.3.23.RELEASE.jar;C:\Users\Felipe\.m2\repository\org\springframework\spring-expression\4.3.23.RELEASE\spring-expression-4.3.23.RELEASE.jar;C:\Users\Felipe\.m2\repository\org\springframework\spring-web\4.3.23.RELEASE\spring-web-4.3.23.RELEASE.jar;C:\Users\Felipe\.m2\repository\io\rest-assured\spring-web-test-client\4.1.2\spring-web-test-client-4.1.2.jar;C:\Users\Felipe\.m2\repository\org\springframework\spring-context\5.1.0.RELEASE\spring-context-5.1.0.RELEASE.jar;C:\Users\Felipe\.m2\repository\org\springframework\spring-webflux\5.1.0.RELEASE\spring-webflux-5.1.0.RELEASE.jar;C:\Users\Felipe\.m2\repository\io\projectreactor\reactor-core\3.2.0.RELEASE\reactor-core-3.2.0.RELEASE.jar;C:\Users\Felipe\.m2\repository\org\reactivestreams\reactive-streams\1.0.2\reactive-streams-1.0.2.jar;C:\Users\Felipe\.m2\repository\io\rest-assured\scala-support\4.1.2\scala-support-4.1.2.jar;C:\Users\Felipe\.m2\repository\org\scala-lang\scala-library\2.13.0\scala-library-2.13.0.jar;C:\Users\Felipe\.m2\repository\io\rest-assured\rest-assured-all\4.1.2\rest-assured-all-4.1.2.jar;C:\Users\Felipe\.m2\repository\javax\activation\javax.activation-api\1.2.0\javax.activation-api-1.2.0.jar;C:\Users\Felipe\.m2\repository\javax\activation\activation\1.1.1\activation-1.1.1.jar;C:\Users\Felipe\.m2\repository\com\github\javafaker\javafaker\1.0.1\javafaker-1.0.1.jar;C:\Users\Felipe\.m2\repository\org\yaml\snakeyaml\1.23\snakeyaml-1.23-android.jar;C:\Users\Felipe\.m2\repository\com\github\mifmif\generex\1.0.2\generex-1.0.2.jar;C:\Users\Felipe\.m2\repository\dk\brics\automaton\automaton\1.11-8\automaton-1.11-8.jar;C:\Users\Felipe\.m2\repository\org\testng\testng\7.0.0\testng-7.0.0.jar;C:\Users\Felipe\.m2\repository\com\sun\xml\bind\jaxb-osgi\2.3.0.1\jaxb-osgi-2.3.0.1.jar;"/>
    <property name="sun.cpu.endian" value="little"/>
    <property name="user.home" value="C:\Users\Felipe"/>
    <property name="user.language" value="en"/>
    <property name="java.specification.vendor" value="Oracle Corporation"/>
    <property name="java.home" value="C:\Program Files\Java\jdk1.8.0_181\jre"/>
    <property name="basedir" value="C:\Users\Felipe\Documents\GTD\IntegrationTest"/>
    <property name="file.separator" value="\"/>
    <property name="line.separator" value="&#10;"/>
    <property name="java.vm.specification.vendor" value="Oracle Corporation"/>
    <property name="java.specification.name" value="Java Platform API Specification"/>
    <property name="java.awt.graphicsenv" value="sun.awt.Win32GraphicsEnvironment"/>
    <property name="surefire.real.class.path" value="C:\Users\Felipe\AppData\Local\Temp\surefire8577930668686814761\surefirebooter6689287251800967184.jar"/>
    <property name="sun.boot.class.path" value="C:\Program Files\Java\jdk1.8.0_181\jre\lib\resources.jar;C:\Program Files\Java\jdk1.8.0_181\jre\lib\rt.jar;C:\Program Files\Java\jdk1.8.0_181\jre\lib\sunrsasign.jar;C:\Program Files\Java\jdk1.8.0_181\jre\lib\jsse.jar;C:\Program Files\Java\jdk1.8.0_181\jre\lib\jce.jar;C:\Program Files\Java\jdk1.8.0_181\jre\lib\charsets.jar;C:\Program Files\Java\jdk1.8.0_181\jre\lib\jfr.jar;C:\Program Files\Java\jdk1.8.0_181\jre\classes"/>
    <property name="user.script" value=""/>
    <property name="sun.management.compiler" value="HotSpot 64-Bit Tiered Compilers"/>
    <property name="java.runtime.version" value="1.8.0_181-b13"/>
    <property name="user.name" value="Felipe"/>
    <property name="path.separator" value=";"/>
    <property name="os.version" value="10.0"/>
    <property name="java.endorsed.dirs" value="C:\Program Files\Java\jdk1.8.0_181\jre\lib\endorsed"/>
    <property name="java.runtime.name" value="Java(TM) SE Runtime Environment"/>
    <property name="file.encoding" value="Cp1252"/>
    <property name="java.vm.name" value="Java HotSpot(TM) 64-Bit Server VM"/>
    <property name="localRepository" value="C:\Users\Felipe\.m2\repository"/>
    <property name="java.vendor.url.bug" value="http://bugreport.sun.com/bugreport/"/>
    <property name="java.io.tmpdir" value="C:\Users\Felipe\AppData\Local\Temp\"/>
    <property name="idea.version" value="2021.2.1"/>
    <property name="java.version" value="1.8.0_181"/>
    <property name="user.dir" value="C:\Users\Felipe\Documents\GTD\IntegrationTest"/>
    <property name="os.arch" value="amd64"/>
    <property name="java.vm.specification.name" value="Java Virtual Machine Specification"/>
    <property name="java.awt.printerjob" value="sun.awt.windows.WPrinterJob"/>
    <property name="user.language.format" value="pt"/>
    <property name="sun.os.patch.level" value=""/>
    <property name="java.library.path" value="C:\Program Files\Java\jdk1.8.0_181\jre\bin;C:\WINDOWS\Sun\Java\bin;C:\WINDOWS\system32;C:\WINDOWS;C:\Program Files\Python38\Scripts\;C:\Program Files\Python38\;C:\Program Files (x86)\Common Files\Oracle\Java\javapath;C:\WINDOWS\system32;C:\WINDOWS;C:\WINDOWS\System32\Wbem;C:\WINDOWS\System32\WindowsPowerShell\v1.0\;C:\WINDOWS\System32\OpenSSH\;C:\Program Files (x86)\NVIDIA Corporation\PhysX\Common;C:\WINDOWS\system32;C:\WINDOWS;C:\WINDOWS\System32\Wbem;C:\WINDOWS\System32\WindowsPowerShell\v1.0\;C:\WINDOWS\System32\OpenSSH\;C:\Program Files\Java\jdk-12.0.2\bin;C:\Program Files\PuTTY\;C:\Program Files\nodejs\;C:\Program Files\k6\;C:\ProgramData\chocolatey\bin;C:\Program Files\Git\cmd;C:\Users\Felipe\scoop\shims;C:\Users\Felipe\AppData\Local\Microsoft\WindowsApps;;C:\Users\Felipe\AppData\Local\Programs\Microsoft VS Code\bin;D:\IntelliJ IDEA Community Edition 2020.3.2\bin;;C:\Users\Felipe\AppData\Roaming\npm;."/>
    <property name="java.vm.info" value="mixed mode"/>
    <property name="java.vendor" value="Oracle Corporation"/>
    <property name="java.vm.version" value="25.181-b13"/>
    <property name="java.ext.dirs" value="C:\Program Files\Java\jdk1.8.0_181\jre\lib\ext;C:\WINDOWS\Sun\Java\lib\ext"/>
    <property name="sun.io.unicode.encoding" value="UnicodeLittle"/>
    <property name="java.class.version" value="52.0"/>
  </properties>
  <testcase name="create" classname="TestNG.ContractRegistration.AdditionalProductParameterController" time="1.464"/>
  <testcase name="findAll" classname="TestNG.ContractRegistration.AdditionalProductParameterController" time="0.313"/>
  <testcase name="findById" classname="TestNG.ContractRegistration.AdditionalProductParameterController" time="0.363"/>
  <testcase name="update" classname="TestNG.ContractRegistration.AdditionalProductParameterController" time="0.328"/>
  <testcase name="delete" classname="TestNG.ContractRegistration.AdditionalProductParameterController" time="0.346"/>
  <testcase name="create" classname="TestNG.ContractRegistration.CustomerProductController" time="0.02"/>
  <testcase name="findAll" classname="TestNG.ContractRegistration.CustomerProductController" time="0.35"/>
  <testcase name="findById" classname="TestNG.ContractRegistration.CustomerProductController" time="0.319"/>
  <testcase name="update" classname="TestNG.ContractRegistration.CustomerProductController" time="0.34"/>
  <testcase name="delete" classname="TestNG.ContractRegistration.CustomerProductController" time="0.322"/>
  <testcase name="create" classname="TestNG.ContractRegistration.OfferController" time="5.669"/>
  <testcase name="findAll" classname="TestNG.ContractRegistration.OfferController" time="0.327"/>
  <testcase name="findById" classname="TestNG.ContractRegistration.OfferController" time="0.351"/>
  <testcase name="update" classname="TestNG.ContractRegistration.OfferController" time="0.696"/>
  <testcase name="delete" classname="TestNG.ContractRegistration.OfferController" time="0.308"/>
  <testcase name="create" classname="TestNG.ContractRegistration.JourneyPlanController" time="0.012"/>
  <testcase name="findAll" classname="TestNG.ContractRegistration.JourneyPlanController" time="0.291"/>
  <testcase name="findById" classname="TestNG.ContractRegistration.JourneyPlanController" time="0.338"/>
  <testcase name="delete" classname="TestNG.ContractRegistration.JourneyPlanController" time="0.322"/>
  <testcase name="create" classname="TestNG.ContractRegistration.ExecutionPlanController" time="0.008"/>
  <testcase name="findAll" classname="TestNG.ContractRegistration.ExecutionPlanController" time="0.332"/>
  <testcase name="findById" classname="TestNG.ContractRegistration.ExecutionPlanController" time="0.346"/>
  <testcase name="update" classname="TestNG.ContractRegistration.ExecutionPlanController" time="0.302"/>
  <testcase name="delete" classname="TestNG.ContractRegistration.ExecutionPlanController" time="0.31"/>
  <testcase name="create" classname="TestNG.ContractRegistration.ProductController" time="0.007"/>
  <testcase name="findAll" classname="TestNG.ContractRegistration.ProductController" time="0.327"/>
  <testcase name="findById" classname="TestNG.ContractRegistration.ProductController" time="0.287"/>
  <testcase name="update" classname="TestNG.ContractRegistration.ProductController" time="0.369"/>
  <testcase name="delete" classname="TestNG.ContractRegistration.ProductController" time="0.338"/>
  <testcase name="create" classname="TestNG.ContractRegistration.BusinessUnitController" time="0.668"/>
  <testcase name="findAll" classname="TestNG.ContractRegistration.BusinessUnitController" time="0.311"/>
  <testcase name="findById" classname="TestNG.ContractRegistration.BusinessUnitController" time="0.287"/>
  <testcase name="update" classname="TestNG.ContractRegistration.BusinessUnitController" time="0.367"/>
  <testcase name="delete" classname="TestNG.ContractRegistration.BusinessUnitController" time="0.313"/>
  <testcase name="create" classname="TestNG.ContractRegistration.CompanyController" time="0.007"/>
  <testcase name="findAll" classname="TestNG.ContractRegistration.CompanyController" time="0.345"/>
  <testcase name="findById" classname="TestNG.ContractRegistration.CompanyController" time="0.326"/>
  <testcase name="update" classname="TestNG.ContractRegistration.CompanyController" time="0.309"/>
  <testcase name="delete" classname="TestNG.ContractRegistration.CompanyController" time="0.319"/>
  <testcase name="create" classname="TestNG.ContractRegistration.ContractController" time="0.012"/>
  <testcase name="findAll" classname="TestNG.ContractRegistration.ContractController" time="0.317"/>
  <testcase name="findById" classname="TestNG.ContractRegistration.ContractController" time="0.287"/>
  <testcase name="update" classname="TestNG.ContractRegistration.ContractController" time="0.352"/>
  <testcase name="delete" classname="TestNG.ContractRegistration.ContractController" time="0.329"/>
  <testcase name="create" classname="TestNG.ContractRegistration.MenuController" time="0.339"/>
  <testcase name="findAll" classname="TestNG.ContractRegistration.MenuController" time="0.539"/>
  <testcase name="findById" classname="TestNG.ContractRegistration.MenuController" time="0.297"/>
  <testcase name="update" classname="TestNG.ContractRegistration.MenuController" time="0.32"/>
  <testcase name="deleteTab" classname="TestNG.ContractRegistration.MenuController" time="0.322"/>
  <testcase name="deleteSubMenu" classname="TestNG.ContractRegistration.MenuController" time="0.297"/>
  <testcase name="deleteMenu" classname="TestNG.ContractRegistration.MenuController" time="0.345"/>
  <testcase name="create" classname="TestNG.ContractRegistration.CustomerController" time="0.007"/>
  <testcase name="findAll" classname="TestNG.ContractRegistration.CustomerController" time="0.316"/>
  <testcase name="findById" classname="TestNG.ContractRegistration.CustomerController" time="0.311"/>
  <testcase name="update" classname="TestNG.ContractRegistration.CustomerController" time="0.36"/>
  <testcase name="delete" classname="TestNG.ContractRegistration.CustomerController" time="0.302"/>
  <testcase name="create" classname="TestNG.ContractRegistration.MarketSegmentController" time="0.006"/>
  <testcase name="findAll" classname="TestNG.ContractRegistration.MarketSegmentController" time="0.306"/>
  <testcase name="findById" classname="TestNG.ContractRegistration.MarketSegmentController" time="0.305"/>
  <testcase name="update" classname="TestNG.ContractRegistration.MarketSegmentController" time="0.291"/>
  <testcase name="delete" classname="TestNG.ContractRegistration.MarketSegmentController" time="0.358"/>
  <testcase name="create" classname="TestNG.ContractRegistration.BusinessMarketController" time="0.006"/>
  <testcase name="findAll" classname="TestNG.ContractRegistration.BusinessMarketController" time="0.329"/>
  <testcase name="findById" classname="TestNG.ContractRegistration.BusinessMarketController" time="0.342"/>
  <testcase name="update" classname="TestNG.ContractRegistration.BusinessMarketController" time="0.362"/>
  <testcase name="delete" classname="TestNG.ContractRegistration.BusinessMarketController" time="0.287"/>
  <testcase name="create" classname="TestNG.ContractRegistration.OfferTypeController" time="0.006"/>
  <testcase name="findAll" classname="TestNG.ContractRegistration.OfferTypeController" time="0.319"/>
  <testcase name="findById" classname="TestNG.ContractRegistration.OfferTypeController" time="0.326"/>
  <testcase name="update" classname="TestNG.ContractRegistration.OfferTypeController" time="0.278"/>
  <testcase name="delete" classname="TestNG.ContractRegistration.OfferTypeController" time="0.357"/>
  <testcase name="create" classname="TestNG.ContractRegistration.JourneyStepController" time="0.647"/>
  <testcase name="findAll" classname="TestNG.ContractRegistration.JourneyStepController" time="0.419"/>
  <testcase name="findById" classname="TestNG.ContractRegistration.JourneyStepController" time="0.29"/>
  <testcase name="delete" classname="TestNG.ContractRegistration.JourneyStepController" time="0.307"/>
  <testcase name="create" classname="TestNG.ContractRegistration.JourneyController" time="0.007"/>
  <testcase name="findAll" classname="TestNG.ContractRegistration.JourneyController" time="0.308"/>
  <testcase name="findById" classname="TestNG.ContractRegistration.JourneyController" time="0.288"/>
  <testcase name="update" classname="TestNG.ContractRegistration.JourneyController" time="0.34"/>
  <testcase name="delete" classname="TestNG.ContractRegistration.JourneyController" time="0.361">
    <failure message="1 expectation failed.&#10;Expected status code &lt;204&gt; but was &lt;500&gt;.&#10;" type="java.lang.AssertionError"><![CDATA[java.lang.AssertionError: 
1 expectation failed.
Expected status code <204> but was <500>.

	at TestNG.ContractRegistration.JourneyController.delete(JourneyController.java:81)
]]></failure>
    <system-out><![CDATA[Request method:	DELETE
Request URI:	http://gtd-dev-alb-1939265349.us-east-1.elb.amazonaws.com/Api/ContractRegistration/Journey/c0305fe5-9cc3-4450-985c-81fcd354c12d
Proxy:			<none>
Request params:	<none>
Query params:	<none>
Form params:	<none>
Path params:	id=c0305fe5-9cc3-4450-985c-81fcd354c12d
Headers:		Accept=*/*
Cookies:		<none>
Multiparts:		<none>
Body:			<none>

HTTP/1.1 500 Internal Server Error
Date: Wed, 01 Dec 2021 15:12:46 GMT
Content-Type: application/json; charset=utf-8
Content-Length: 4824
Connection: keep-alive
Server: Kestrel

{
    "ClassName": "Microsoft.EntityFrameworkCore.DbUpdateException",
    "Message": "An error occurred while updating the entries. See the inner exception for details.",
    "Data": null,
    "InnerException": {
        "ClassName": "Npgsql.PostgresException",
        "Message": "External component has thrown an exception.",
        "Data": {
            "severity": "ERROR",
            "invariantSeverity": "ERROR",
            "sqlState": "23503",
            "messageText": "update or delete on table \"journey\" violates foreign key constraint \"fk_journeystep_journey\" on table \"journeyStep\"",
            "detail": "Key (id)=(c0305fe5-9cc3-4450-985c-81fcd354c12d) is still referenced from table \"journeyStep\".",
            "schemaName": "Contract",
            "tableName": "journeyStep",
            "constraintName": "fk_journeystep_journey",
            "file": "ri_triggers.c",
            "line": "2488",
            "routine": "ri_ReportViolation"
        },
        "InnerException": null,
        "HelpURL": null,
        "StackTraceString": "   at Npgsql.NpgsqlConnector.<>c__DisplayClass160_0.<<DoReadMessage>g__ReadMessageLong|0>d.MoveNext()\n--- End of stack trace from previous location where exception was thrown ---\n   at Npgsql.NpgsqlConnector.<>c__DisplayClass160_0.<<DoReadMessage>g__ReadMessageLong|0>d.MoveNext()\n--- End of stack trace from previous location where exception was thrown ---\n   at Npgsql.NpgsqlDataReader.NextResult(Boolean async, Boolean isConsuming)\n   at Npgsql.NpgsqlCommand.ExecuteReaderAsync(CommandBehavior behavior, Boolean async, CancellationToken cancellationToken)\n   at Npgsql.NpgsqlCommand.ExecuteDbDataReaderAsync(CommandBehavior behavior, CancellationToken cancellationToken)\n   at Microsoft.EntityFrameworkCore.Storage.RelationalCommand.ExecuteReaderAsync(RelationalCommandParameterObject parameterObject, CancellationToken cancellationToken)\n   at Microsoft.EntityFrameworkCore.Storage.RelationalCommand.ExecuteReaderAsync(RelationalCommandParameterObject parameterObject, CancellationToken cancellationToken)\n   at Microsoft.EntityFrameworkCore.Storage.RelationalCommand.ExecuteReaderAsync(RelationalCommandParameterObject parameterObject, CancellationToken cancellationToken)\n   at Microsoft.EntityFrameworkCore.Update.ReaderModificationCommandBatch.ExecuteAsync(IRelationalConnection connection, CancellationToken cancellationToken)",
        "RemoteStackTraceString": null,
        "RemoteStackIndex": 0,
        "ExceptionMethod": null,
        "HResult": -2147467259,
        "Source": "Npgsql",
        "WatsonBuckets": null,
        "Severity": "ERROR",
        "InvariantSeverity": "ERROR",
        "SqlState": "23503",
        "MessageText": "update or delete on table \"journey\" violates foreign key constraint \"fk_journeystep_journey\" on table \"journeyStep\"",
        "Detail": "Key (id)=(c0305fe5-9cc3-4450-985c-81fcd354c12d) is still referenced from table \"journeyStep\".",
        "Hint": null,
        "Position": 0,
        "InternalPosition": 0,
        "InternalQuery": null,
        "Where": null,
        "SchemaName": "Contract",
        "TableName": "journeyStep",
        "ColumnName": null,
        "DataTypeName": null,
        "ConstraintName": "fk_journeystep_journey",
        "File": "ri_triggers.c",
        "Line": "2488",
        "Routine": "ri_ReportViolation"
    },
    "HelpURL": null,
    "StackTraceString": "   at Microsoft.EntityFrameworkCore.Update.ReaderModificationCommandBatch.ExecuteAsync(IRelationalConnection connection, CancellationToken cancellationToken)\n   at Microsoft.EntityFrameworkCore.Update.Internal.BatchExecutor.ExecuteAsync(IEnumerable`1 commandBatches, IRelationalConnection connection, CancellationToken cancellationToken)\n   at Microsoft.EntityFrameworkCore.Update.Internal.BatchExecutor.ExecuteAsync(IEnumerable`1 commandBatches, IRelationalConnection connection, CancellationToken cancellationToken)\n   at Microsoft.EntityFrameworkCore.ChangeTracking.Internal.StateManager.SaveChangesAsync(IList`1 entriesToSave, CancellationToken cancellationToken)\n   at Microsoft.EntityFrameworkCore.ChangeTracking.Internal.StateManager.SaveChangesAsync(DbContext _, Boolean acceptAllChangesOnSuccess, CancellationToken cancellationToken)\n   at Npgsql.EntityFrameworkCore.PostgreSQL.Storage.Internal.NpgsqlExecutionStrategy.ExecuteAsync[TState,TResult](TState state, Func`4 operation, Func`4 verifySucceeded, CancellationToken cancellationToken)\n   at Microsoft.EntityFrameworkCore.DbContext.SaveChangesAsync(Boolean acceptAllChangesOnSuccess, CancellationToken cancellationToken)\n   at ContratctRegistration.Api.Controllers.GenericController`1.Delete(Guid id) in /builds/gotodata/gtdassets/microbackend/contractregistration/ContractRegistration.Api/Contollers/GenericController.cs:line 134",
    "RemoteStackTraceString": null,
    "RemoteStackIndex": 0,
    "ExceptionMethod": null,
    "HResult": -2146233088,
    "Source": "Microsoft.EntityFrameworkCore.Relational",
    "WatsonBuckets": null
}
]]></system-out>
  </testcase>
  <testcase name="create" classname="TestNG.ContractRegistration.JourneyTypeController" time="0.006"/>
  <testcase name="findAll" classname="TestNG.ContractRegistration.JourneyTypeController" time="0.34"/>
  <testcase name="findById" classname="TestNG.ContractRegistration.JourneyTypeController" time="0.321"/>
  <testcase name="update" classname="TestNG.ContractRegistration.JourneyTypeController" time="0.318"/>
  <testcase name="delete" classname="TestNG.ContractRegistration.JourneyTypeController" time="0.349">
    <failure message="1 expectation failed.&#10;Expected status code &lt;204&gt; but was &lt;500&gt;.&#10;" type="java.lang.AssertionError"><![CDATA[java.lang.AssertionError: 
1 expectation failed.
Expected status code <204> but was <500>.

	at TestNG.ContractRegistration.JourneyTypeController.delete(JourneyTypeController.java:77)
]]></failure>
    <system-out><![CDATA[Request method:	DELETE
Request URI:	http://gtd-dev-alb-1939265349.us-east-1.elb.amazonaws.com/Api/ContractRegistration/JourneyType/a51d9baa-8afa-403d-94d9-6ee9c61032b7
Proxy:			<none>
Request params:	<none>
Query params:	<none>
Form params:	<none>
Path params:	id=a51d9baa-8afa-403d-94d9-6ee9c61032b7
Headers:		Accept=*/*
Cookies:		<none>
Multiparts:		<none>
Body:			<none>

HTTP/1.1 500 Internal Server Error
Date: Wed, 01 Dec 2021 15:12:48 GMT
Content-Type: application/json; charset=utf-8
Content-Length: 4808
Connection: keep-alive
Server: Kestrel

{
    "ClassName": "Microsoft.EntityFrameworkCore.DbUpdateException",
    "Message": "An error occurred while updating the entries. See the inner exception for details.",
    "Data": null,
    "InnerException": {
        "ClassName": "Npgsql.PostgresException",
        "Message": "External component has thrown an exception.",
        "Data": {
            "severity": "ERROR",
            "invariantSeverity": "ERROR",
            "sqlState": "23503",
            "messageText": "update or delete on table \"journeyType\" violates foreign key constraint \"fk_journey_journeytype\" on table \"journey\"",
            "detail": "Key (id)=(a51d9baa-8afa-403d-94d9-6ee9c61032b7) is still referenced from table \"journey\".",
            "schemaName": "Contract",
            "tableName": "journey",
            "constraintName": "fk_journey_journeytype",
            "file": "ri_triggers.c",
            "line": "2488",
            "routine": "ri_ReportViolation"
        },
        "InnerException": null,
        "HelpURL": null,
        "StackTraceString": "   at Npgsql.NpgsqlConnector.<>c__DisplayClass160_0.<<DoReadMessage>g__ReadMessageLong|0>d.MoveNext()\n--- End of stack trace from previous location where exception was thrown ---\n   at Npgsql.NpgsqlConnector.<>c__DisplayClass160_0.<<DoReadMessage>g__ReadMessageLong|0>d.MoveNext()\n--- End of stack trace from previous location where exception was thrown ---\n   at Npgsql.NpgsqlDataReader.NextResult(Boolean async, Boolean isConsuming)\n   at Npgsql.NpgsqlCommand.ExecuteReaderAsync(CommandBehavior behavior, Boolean async, CancellationToken cancellationToken)\n   at Npgsql.NpgsqlCommand.ExecuteDbDataReaderAsync(CommandBehavior behavior, CancellationToken cancellationToken)\n   at Microsoft.EntityFrameworkCore.Storage.RelationalCommand.ExecuteReaderAsync(RelationalCommandParameterObject parameterObject, CancellationToken cancellationToken)\n   at Microsoft.EntityFrameworkCore.Storage.RelationalCommand.ExecuteReaderAsync(RelationalCommandParameterObject parameterObject, CancellationToken cancellationToken)\n   at Microsoft.EntityFrameworkCore.Storage.RelationalCommand.ExecuteReaderAsync(RelationalCommandParameterObject parameterObject, CancellationToken cancellationToken)\n   at Microsoft.EntityFrameworkCore.Update.ReaderModificationCommandBatch.ExecuteAsync(IRelationalConnection connection, CancellationToken cancellationToken)",
        "RemoteStackTraceString": null,
        "RemoteStackIndex": 0,
        "ExceptionMethod": null,
        "HResult": -2147467259,
        "Source": "Npgsql",
        "WatsonBuckets": null,
        "Severity": "ERROR",
        "InvariantSeverity": "ERROR",
        "SqlState": "23503",
        "MessageText": "update or delete on table \"journeyType\" violates foreign key constraint \"fk_journey_journeytype\" on table \"journey\"",
        "Detail": "Key (id)=(a51d9baa-8afa-403d-94d9-6ee9c61032b7) is still referenced from table \"journey\".",
        "Hint": null,
        "Position": 0,
        "InternalPosition": 0,
        "InternalQuery": null,
        "Where": null,
        "SchemaName": "Contract",
        "TableName": "journey",
        "ColumnName": null,
        "DataTypeName": null,
        "ConstraintName": "fk_journey_journeytype",
        "File": "ri_triggers.c",
        "Line": "2488",
        "Routine": "ri_ReportViolation"
    },
    "HelpURL": null,
    "StackTraceString": "   at Microsoft.EntityFrameworkCore.Update.ReaderModificationCommandBatch.ExecuteAsync(IRelationalConnection connection, CancellationToken cancellationToken)\n   at Microsoft.EntityFrameworkCore.Update.Internal.BatchExecutor.ExecuteAsync(IEnumerable`1 commandBatches, IRelationalConnection connection, CancellationToken cancellationToken)\n   at Microsoft.EntityFrameworkCore.Update.Internal.BatchExecutor.ExecuteAsync(IEnumerable`1 commandBatches, IRelationalConnection connection, CancellationToken cancellationToken)\n   at Microsoft.EntityFrameworkCore.ChangeTracking.Internal.StateManager.SaveChangesAsync(IList`1 entriesToSave, CancellationToken cancellationToken)\n   at Microsoft.EntityFrameworkCore.ChangeTracking.Internal.StateManager.SaveChangesAsync(DbContext _, Boolean acceptAllChangesOnSuccess, CancellationToken cancellationToken)\n   at Npgsql.EntityFrameworkCore.PostgreSQL.Storage.Internal.NpgsqlExecutionStrategy.ExecuteAsync[TState,TResult](TState state, Func`4 operation, Func`4 verifySucceeded, CancellationToken cancellationToken)\n   at Microsoft.EntityFrameworkCore.DbContext.SaveChangesAsync(Boolean acceptAllChangesOnSuccess, CancellationToken cancellationToken)\n   at ContratctRegistration.Api.Controllers.GenericController`1.Delete(Guid id) in /builds/gotodata/gtdassets/microbackend/contractregistration/ContractRegistration.Api/Contollers/GenericController.cs:line 134",
    "RemoteStackTraceString": null,
    "RemoteStackIndex": 0,
    "ExceptionMethod": null,
    "HResult": -2146233088,
    "Source": "Microsoft.EntityFrameworkCore.Relational",
    "WatsonBuckets": null
}
]]></system-out>
  </testcase>
  <testcase name="create" classname="TestNG.ContractRegistration.PriceController" time="0.312"/>
  <testcase name="delete" classname="TestNG.ContractRegistration.PriceController" time="0.308"/>
  <testcase name="create" classname="TestNG.ContractRegistration.RangePriceController" time="0.666"/>
  <testcase name="delete" classname="TestNG.ContractRegistration.RangePriceController" time="0.327"/>
</testsuite>