<?xml version="1.0" encoding="UTF-8"?>
<!-- Generated by org.testng.reporters.JUnitReportReporter -->
<testsuite skipped="0" hostname="DESKTOP-L778MDG" name="TestNG.ContractRegistration.BusinessMarketController" tests="5" failures="0" timestamp="2021-12-01T13:12:50 BRST" time="1.325" errors="0">
  <testcase name="findAll" time="0.329" classname="TestNG.ContractRegistration.BusinessMarketController"/>
  <testcase name="findById" time="0.341" classname="TestNG.ContractRegistration.BusinessMarketController"/>
  <testcase name="delete" time="0.287" classname="TestNG.ContractRegistration.BusinessMarketController"/>
  <testcase name="create" time="0.006" classname="TestNG.ContractRegistration.BusinessMarketController"/>
  <testcase name="update" time="0.362" classname="TestNG.ContractRegistration.BusinessMarketController"/>
</testsuite> <!-- TestNG.ContractRegistration.BusinessMarketController -->
