<?xml version="1.0" encoding="UTF-8"?>
<!-- Generated by org.testng.reporters.JUnitReportReporter -->
<testsuite skipped="0" hostname="DESKTOP-L778MDG" name="TestNG.ContractRegistration.MenuController" tests="7" failures="0" timestamp="2021-12-01T13:12:50 BRST" time="2.458" errors="0">
  <testcase name="deleteSubMenu" time="0.297" classname="TestNG.ContractRegistration.MenuController"/>
  <testcase name="deleteTab" time="0.322" classname="TestNG.ContractRegistration.MenuController"/>
  <testcase name="update" time="0.320" classname="TestNG.ContractRegistration.MenuController"/>
  <testcase name="deleteMenu" time="0.344" classname="TestNG.ContractRegistration.MenuController"/>
  <testcase name="findAll" time="0.539" classname="TestNG.ContractRegistration.MenuController"/>
  <testcase name="create" time="0.339" classname="TestNG.ContractRegistration.MenuController"/>
  <testcase name="findById" time="0.297" classname="TestNG.ContractRegistration.MenuController"/>
</testsuite> <!-- TestNG.ContractRegistration.MenuController -->
