<?xml version="1.0" encoding="UTF-8"?>
<!-- Generated by org.testng.reporters.JUnitReportReporter -->
<testsuite skipped="0" hostname="DESKTOP-L778MDG" name="TestNG.ContractRegistration.CompanyController" tests="5" failures="0" timestamp="2021-12-01T13:12:50 BRST" time="1.304" errors="0">
  <testcase name="delete" time="0.319" classname="TestNG.ContractRegistration.CompanyController"/>
  <testcase name="update" time="0.308" classname="TestNG.ContractRegistration.CompanyController"/>
  <testcase name="create" time="0.006" classname="TestNG.ContractRegistration.CompanyController"/>
  <testcase name="findAll" time="0.345" classname="TestNG.ContractRegistration.CompanyController"/>
  <testcase name="findById" time="0.326" classname="TestNG.ContractRegistration.CompanyController"/>
</testsuite> <!-- TestNG.ContractRegistration.CompanyController -->
