<?xml version="1.0" encoding="UTF-8"?>
<!-- Generated by org.testng.reporters.JUnitReportReporter -->
<testsuite skipped="0" hostname="DESKTOP-L778MDG" name="TestNG.ContractRegistration.CustomerProductController" tests="5" failures="0" timestamp="2021-12-01T13:12:50 BRST" time="1.349" errors="0">
  <testcase name="delete" time="0.321" classname="TestNG.ContractRegistration.CustomerProductController"/>
  <testcase name="findAll" time="0.349" classname="TestNG.ContractRegistration.CustomerProductController"/>
  <testcase name="create" time="0.020" classname="TestNG.ContractRegistration.CustomerProductController"/>
  <testcase name="findById" time="0.318" classname="TestNG.ContractRegistration.CustomerProductController"/>
  <testcase name="update" time="0.341" classname="TestNG.ContractRegistration.CustomerProductController"/>
</testsuite> <!-- TestNG.ContractRegistration.CustomerProductController -->
