<?xml version="1.0" encoding="UTF-8"?>
<!-- Generated by org.testng.reporters.JUnitReportReporter -->
<testsuite skipped="0" hostname="DESKTOP-L778MDG" name="TestNG.ContractRegistration.JourneyPlanController" tests="4" failures="0" timestamp="2021-12-01T13:12:50 BRST" time="0.963" errors="0">
  <testcase name="create" time="0.012" classname="TestNG.ContractRegistration.JourneyPlanController"/>
  <testcase name="findAll" time="0.291" classname="TestNG.ContractRegistration.JourneyPlanController"/>
  <testcase name="delete" time="0.323" classname="TestNG.ContractRegistration.JourneyPlanController"/>
  <testcase name="findById" time="0.337" classname="TestNG.ContractRegistration.JourneyPlanController"/>
</testsuite> <!-- TestNG.ContractRegistration.JourneyPlanController -->
