<?xml version="1.0" encoding="UTF-8"?>
<!-- Generated by org.testng.reporters.JUnitReportReporter -->
<testsuite skipped="0" hostname="DESKTOP-L778MDG" name="TestNG.ContractRegistration.JourneyStepController" tests="4" failures="0" timestamp="2021-12-01T13:12:50 BRST" time="1.663" errors="0">
  <testcase name="findById" time="0.290" classname="TestNG.ContractRegistration.JourneyStepController"/>
  <testcase name="delete" time="0.307" classname="TestNG.ContractRegistration.JourneyStepController"/>
  <testcase name="findAll" time="0.420" classname="TestNG.ContractRegistration.JourneyStepController"/>
  <testcase name="create" time="0.646" classname="TestNG.ContractRegistration.JourneyStepController"/>
</testsuite> <!-- TestNG.ContractRegistration.JourneyStepController -->
