<?xml version="1.0" encoding="UTF-8"?>
<!-- Generated by org.testng.reporters.JUnitReportReporter -->
<testsuite skipped="0" hostname="DESKTOP-L778MDG" name="TestNG.ContractRegistration.RangePriceController" tests="2" failures="0" timestamp="2021-12-01T13:12:50 BRST" time="0.994" errors="0">
  <testcase name="create" time="0.667" classname="TestNG.ContractRegistration.RangePriceController"/>
  <testcase name="delete" time="0.327" classname="TestNG.ContractRegistration.RangePriceController"/>
</testsuite> <!-- TestNG.ContractRegistration.RangePriceController -->
