<?xml version="1.0" encoding="UTF-8"?>
<!-- Generated by org.testng.reporters.JUnitReportReporter -->
<testsuite skipped="0" hostname="DESKTOP-L778MDG" name="TestNG.ContractRegistration.ContractController" tests="5" failures="0" timestamp="2021-12-01T13:12:50 BRST" time="1.298" errors="0">
  <testcase name="delete" time="0.329" classname="TestNG.ContractRegistration.ContractController"/>
  <testcase name="findById" time="0.286" classname="TestNG.ContractRegistration.ContractController"/>
  <testcase name="findAll" time="0.317" classname="TestNG.ContractRegistration.ContractController"/>
  <testcase name="update" time="0.354" classname="TestNG.ContractRegistration.ContractController"/>
  <testcase name="create" time="0.012" classname="TestNG.ContractRegistration.ContractController"/>
</testsuite> <!-- TestNG.ContractRegistration.ContractController -->
