<?xml version="1.0" encoding="UTF-8"?>
<!-- Generated by org.testng.reporters.JUnitReportReporter -->
<testsuite skipped="0" hostname="DESKTOP-L778MDG" name="TestNG.ContractRegistration.OfferController" tests="5" failures="0" timestamp="2021-12-01T13:12:50 BRST" time="7.350" errors="0">
  <testcase name="findById" time="0.350" classname="TestNG.ContractRegistration.OfferController"/>
  <testcase name="update" time="0.696" classname="TestNG.ContractRegistration.OfferController"/>
  <testcase name="delete" time="0.308" classname="TestNG.ContractRegistration.OfferController"/>
  <testcase name="create" time="5.669" classname="TestNG.ContractRegistration.OfferController"/>
  <testcase name="findAll" time="0.327" classname="TestNG.ContractRegistration.OfferController"/>
</testsuite> <!-- TestNG.ContractRegistration.OfferController -->
