<?xml version="1.0" encoding="UTF-8"?>
<!-- Generated by org.testng.reporters.JUnitReportReporter -->
<testsuite skipped="0" hostname="DESKTOP-L778MDG" name="TestNG.ContractRegistration.PriceController" tests="2" failures="0" timestamp="2021-12-01T13:12:50 BRST" time="0.626" errors="0">
  <testcase name="delete" time="0.308" classname="TestNG.ContractRegistration.PriceController"/>
  <testcase name="create" time="0.318" classname="TestNG.ContractRegistration.PriceController"/>
</testsuite> <!-- TestNG.ContractRegistration.PriceController -->
