<?xml version="1.0" encoding="UTF-8"?>
<!-- Generated by org.testng.reporters.JUnitReportReporter -->
<testsuite skipped="0" hostname="DESKTOP-L778MDG" name="TestNG.ContractRegistration.OfferTypeController" tests="5" failures="0" timestamp="2021-12-01T13:12:50 BRST" time="1.287" errors="0">
  <testcase name="findAll" time="0.319" classname="TestNG.ContractRegistration.OfferTypeController"/>
  <testcase name="update" time="0.279" classname="TestNG.ContractRegistration.OfferTypeController"/>
  <testcase name="create" time="0.006" classname="TestNG.ContractRegistration.OfferTypeController"/>
  <testcase name="delete" time="0.357" classname="TestNG.ContractRegistration.OfferTypeController"/>
  <testcase name="findById" time="0.326" classname="TestNG.ContractRegistration.OfferTypeController"/>
</testsuite> <!-- TestNG.ContractRegistration.OfferTypeController -->
