<?xml version="1.0" encoding="UTF-8"?>
<!-- Generated by org.testng.reporters.JUnitReportReporter -->
<testsuite skipped="0" hostname="DESKTOP-L778MDG" name="TestNG.ContractRegistration.AdditionalProductParameterController" tests="5" failures="0" timestamp="2021-12-01T13:12:50 BRST" time="2.814" errors="0">
  <testcase name="delete" time="0.346" classname="TestNG.ContractRegistration.AdditionalProductParameterController"/>
  <testcase name="findById" time="0.363" classname="TestNG.ContractRegistration.AdditionalProductParameterController"/>
  <testcase name="create" time="1.463" classname="TestNG.ContractRegistration.AdditionalProductParameterController"/>
  <testcase name="update" time="0.328" classname="TestNG.ContractRegistration.AdditionalProductParameterController"/>
  <testcase name="findAll" time="0.314" classname="TestNG.ContractRegistration.AdditionalProductParameterController"/>
</testsuite> <!-- TestNG.ContractRegistration.AdditionalProductParameterController -->
