<?xml version="1.0" encoding="UTF-8"?>
<!-- Generated by org.testng.reporters.JUnitReportReporter -->
<testsuite skipped="0" hostname="DESKTOP-L778MDG" name="TestNG.ContractRegistration.MarketSegmentController" tests="5" failures="0" timestamp="2021-12-01T13:12:50 BRST" time="1.267" errors="0">
  <testcase name="findById" time="0.305" classname="TestNG.ContractRegistration.MarketSegmentController"/>
  <testcase name="delete" time="0.358" classname="TestNG.ContractRegistration.MarketSegmentController"/>
  <testcase name="findAll" time="0.307" classname="TestNG.ContractRegistration.MarketSegmentController"/>
  <testcase name="update" time="0.290" classname="TestNG.ContractRegistration.MarketSegmentController"/>
  <testcase name="create" time="0.007" classname="TestNG.ContractRegistration.MarketSegmentController"/>
</testsuite> <!-- TestNG.ContractRegistration.MarketSegmentController -->
