<?xml version="1.0" encoding="UTF-8"?>
<!-- Generated by org.testng.reporters.JUnitReportReporter -->
<testsuite skipped="0" hostname="DESKTOP-L778MDG" name="TestNG.ContractRegistration.BusinessUnitController" tests="5" failures="0" timestamp="2021-12-01T13:12:50 BRST" time="1.945" errors="0">
  <testcase name="delete" time="0.313" classname="TestNG.ContractRegistration.BusinessUnitController"/>
  <testcase name="update" time="0.367" classname="TestNG.ContractRegistration.BusinessUnitController"/>
  <testcase name="create" time="0.666" classname="TestNG.ContractRegistration.BusinessUnitController"/>
  <testcase name="findAll" time="0.311" classname="TestNG.ContractRegistration.BusinessUnitController"/>
  <testcase name="findById" time="0.288" classname="TestNG.ContractRegistration.BusinessUnitController"/>
</testsuite> <!-- TestNG.ContractRegistration.BusinessUnitController -->
