<?xml version="1.0" encoding="UTF-8"?>
<!-- Generated by org.testng.reporters.JUnitReportReporter -->
<testsuite skipped="0" hostname="DESKTOP-L778MDG" name="TestNG.ContractRegistration.ProductController" tests="5" failures="0" timestamp="2021-12-01T13:12:50 BRST" time="1.327" errors="0">
  <testcase name="findById" time="0.287" classname="TestNG.ContractRegistration.ProductController"/>
  <testcase name="findAll" time="0.327" classname="TestNG.ContractRegistration.ProductController"/>
  <testcase name="delete" time="0.337" classname="TestNG.ContractRegistration.ProductController"/>
  <testcase name="create" time="0.007" classname="TestNG.ContractRegistration.ProductController"/>
  <testcase name="update" time="0.369" classname="TestNG.ContractRegistration.ProductController"/>
</testsuite> <!-- TestNG.ContractRegistration.ProductController -->
