<?xml version="1.0" encoding="UTF-8"?>
<!-- Generated by org.testng.reporters.JUnitReportReporter -->
<testsuite skipped="0" hostname="DESKTOP-L778MDG" name="TestNG.ContractRegistration.ExecutionPlanController" tests="5" failures="0" timestamp="2021-12-01T13:12:50 BRST" time="1.299" errors="0">
  <testcase name="delete" time="0.310" classname="TestNG.ContractRegistration.ExecutionPlanController"/>
  <testcase name="findById" time="0.346" classname="TestNG.ContractRegistration.ExecutionPlanController"/>
  <testcase name="create" time="0.008" classname="TestNG.ContractRegistration.ExecutionPlanController"/>
  <testcase name="findAll" time="0.333" classname="TestNG.ContractRegistration.ExecutionPlanController"/>
  <testcase name="update" time="0.302" classname="TestNG.ContractRegistration.ExecutionPlanController"/>
</testsuite> <!-- TestNG.ContractRegistration.ExecutionPlanController -->
